make all --print-data-base --no-builtin-variables --no-builtin-rules --question
# GNU Make 3.81
# Copyright (C) 2006  Free Software Foundation, Inc.
# This is free software; see the source for copying conditions.
# There is NO warranty; not even for MERCHANTABILITY or FITNESS FOR A
# PARTICULAR PURPOSE.

# This program built for i386-apple-darwin11.3.0
 

# Make data base, printed on Sat Jul  2 13:48:38 2022

# Variables

# automatic
<D = $(patsubst %/,%,$(dir $<))
# automatic
?F = $(notdir $?)
# environment
VSCODE_LOG_NATIVE = false
# automatic
?D = $(patsubst %/,%,$(dir $?))
# automatic
@D = $(patsubst %/,%,$(dir $@))
# automatic
@F = $(notdir $@)
# makefile
CURDIR := /Users/houazzan/Desktop/Minishell
# makefile
SHELL = /bin/sh
# environment
VSCODE_NLS_CONFIG = {"locale":"en-us","availableLanguages":{},"_languagePackSupport":true}
# environment
_ = /usr/bin/make
# makefile (from `Makefile', line 58)
BLUE = \033[0;34m
# makefile (from `Makefile', line 1)
MAKEFILE_LIST :=  Makefile
# environment
VSCODE_VERBOSE_LOGGING = true
# environment
VSCODE_IPC_HOOK_EXTHOST = /var/folders/zz/zyxvpxvq6csfxvn_n00006dr0001lf/T/vscode-ipc-a676b29e-3615-476b-9b8b-1e9e9e8f86f4.sock
# environment
VSCODE_CWD = /
# environment
Apple_PubSub_Socket_Render = /private/tmp/com.apple.launchd.oM0LSY4CyN/Render
# environment
PATH = /Users/houazzan/goinfre/homebrew/bin:/usr/local/bin:/usr/bin:/bin:/usr/sbin:/sbin:/usr/local/munki
# environment
LSCOLORS = Gxfxcxdxbxegedabagacad
# environment
VSCODE_LOG_STACK = false
# environment
ELECTRON_RUN_AS_NODE = 1
# default
.FEATURES := target-specific order-only second-expansion else-if archives jobserver check-symlink
# makefile (from `Makefile', line 54)
PURPLE = \033[0;35m
# environment
SSH_AUTH_SOCK = /private/tmp/com.apple.launchd.aHjlfxHBpz/Listeners
# automatic
%F = $(notdir $%)
# environment
VSCODE_PIPE_LOGGING = true
# makefile (from `Makefile', line 5)
EXEC_FILES = sources/exec/
# environment
PWD = /Users/houazzan/Desktop/Minishell
# environment
ORIGINAL_XDG_CURRENT_DESKTOP = undefined
# makefile (from `Makefile', line 52)
GREEN = \033[0;32m
# environment
VSCODE_AMD_ENTRYPOINT = vs/workbench/api/node/extensionHostProcess
# environment
HOME = /Users/houazzan
# makefile (from `Makefile', line 60)
TAB = "\	"
# default
MAKEFILEPATH := /Applications/Xcode.app/Contents/Developer/Makefiles
# environment
VSCODE_CODE_CACHE_PATH = /Users/houazzan/Library/Application Support/Code/CachedData/57fd6d0195bb9b9d1b49f6da5db789060795de47
# environment
LOGNAME = houazzan
# environment
APPLICATION_INSIGHTS_NO_DIAGNOSTIC_CHANNEL = 1
# makefile (from `Makefile', line 24)
E_OBJ = $(EXEC:%.c=%.o)
# environment
ZSH = /Users/houazzan/.oh-my-zsh
# environment
VSCODE_HANDLES_UNCAUGHT_ERRORS = true
# automatic
^D = $(patsubst %/,%,$(dir $^))
# makefile (from `Makefile', line 14)
P_SRC = minishell.c checker.c list_utils.c lis_utils2.c tokenizer.c toknizer_utils.c syntax_validation.c cmd_list_utils.c parser.c parser_utils.c expander.c expander_utils.c files_creation.c files_creation_utils.c heredoc_utils.c signals.c remove_unused_tab.c expander_utils2.c file_creation_utils2.c 
# environment
XPC_FLAGS = 0x0
# default
MAKE = $(MAKE_COMMAND)
# default
MAKECMDGOALS := all
# environment
SHLVL = 1
# makefile (from `Makefile', line 7)
PARSE_FILES = sources/parse/
# makefile (from `Makefile', line 1)
CC = gcc 
# makefile (from `Makefile', line 20)
EXEC = $(addprefix $(EXEC_FILES), $(E_SRC))
# default
MAKE_VERSION := 3.81
# environment
USER = houazzan
# makefile
.DEFAULT_GOAL := all
# makefile (from `Makefile', line 26)
NAME = minishell
# environment
LESS = -R
# automatic
%D = $(patsubst %/,%,$(dir $%))
# default
MAKE_COMMAND := /Applications/Xcode.app/Contents/Developer/usr/bin/make
# default
.VARIABLES := 
# environment
TMPDIR = /var/folders/zz/zyxvpxvq6csfxvn_n00006dr0001lf/T/
# automatic
*F = $(notdir $*)
# environment
VSCODE_IPC_HOOK = /Users/houazzan/Library/Application Support/Code/1.67.0-main.sock
# makefile (from `Makefile', line 53)
RED = \033[0;31m
# makefile (from `Makefile', line 19)
PARSE = $(addprefix $(PARSE_FILES), $(P_SRC))
# makefile
MAKEFLAGS = Rrqp
# environment
MFLAGS = -Rrqp
# automatic
*D = $(patsubst %/,%,$(dir $*))
# environment
XPC_SERVICE_NAME = com.microsoft.VSCode.2664
# automatic
+D = $(patsubst %/,%,$(dir $+))
# makefile (from `Makefile', line 57)
YELLOW = \033[0;33m
# makefile (from `Makefile', line 55)
CYAN = \033[0;36m
# automatic
+F = $(notdir $+)
# makefile (from `Makefile', line 9)
E_SRC = execute.c useful/quite.c useful/free_list.c useful/exec_utiles.c useful/exec_utiles1.c useful/exec_utiles2.c useful/exec_utiles3.c useful/her_doc.c useful/non_execve.c builtins/echo.c builtins/pwd.c builtins/env.c builtins/cd.c builtins/export.c builtins/unset.c builtins/exit.c 
# environment
__CF_USER_TEXT_ENCODING = 0x66E:0x0:0x0
# default
MAKEFILES := 
# environment
HOMEBREW_NO_AUTO_UPDATE = 1
# automatic
<F = $(notdir $<)
# environment
PAGER = less
# environment
LC_ALL = C
# makefile (from `Makefile', line 56)
RESET = \033[0m
# automatic
^F = $(notdir $^)
# makefile (from `Makefile', line 23)
P_OBJ = $(PARSE:%.c=%.o)
# default
SUFFIXES := 
# makefile (from `Makefile', line 3)
FLAGS = -Wall -Wextra -Werror 
# makefile (from `Makefile', line 59)
CHANGE = \033[0;35m
# default
.INCLUDE_DIRS = /usr/local/include
# environment
MAKELEVEL := 0
# environment
LANG = C
# environment
VSCODE_PID = 87613
# variable set hash-table stats:
# Load=86/1024=8%, Rehash=0, Collisions=10/126=8%

# Pattern-specific Variable Values

# No pattern-specific variable values.

# Directories

# . (device 16777227, inode 27704): 12 files, no impossibilities.
# sources/exec (device 16777227, inode 27829): 4 files, no impossibilities so far.
# includes (device 16777227, inode 27769): 4 files, no impossibilities so far.
# sources/parse (device 16777227, inode 27847): 39 files, no impossibilities so far.
# libft (device 16777227, inode 27773): 104 files, no impossibilities so far.

# 163 files, no impossibilities in 5 directories.

# Implicit Rules

%.o: %.c includes/minishell.h  libft/libft.h
#  commands to execute (from `Makefile', line 37):
	@$(CC) $(CFLAGS) -I$(shell brew --prefix readline)/include -c $< -o $@
	

# 1 implicit rules, 0 (0.0%) terminal.

# Files

# Not a target:
sources/exec/builtins/pwd.o:
#  Implicit rule search has not been done.
#  Modification time never checked.
#  File has not been updated.

# Not a target:
sources/parse/lis_utils2.c:
#  Implicit rule search has been done.
#  Last modified 2022-06-30 14:39:03
#  File has been updated.
#  Successfully updated.
# variable set hash-table stats:
# Load=0/32=0%, Rehash=0, Collisions=0/0=0%

sources/parse/files_creation_utils.o: sources/parse/files_creation_utils.c includes/minishell.h libft/libft.h
#  Implicit rule search has been done.
#  Implicit/static pattern stem: `sources/parse/files_creation_utils'
#  Last modified 2022-07-02 13:30:43
#  File has been updated.
#  Successfully updated.
# variable set hash-table stats:
# Load=0/32=0%, Rehash=0, Collisions=0/0=0%
#  commands to execute (from `Makefile', line 37):
	@$(CC) $(CFLAGS) -I$(shell brew --prefix readline)/include -c $< -o $@
	

# Not a target:
sources/parse/file_creation_utils2.c:
#  Implicit rule search has been done.
#  Last modified 2022-07-02 00:26:16
#  File has been updated.
#  Successfully updated.
# variable set hash-table stats:
# Load=0/32=0%, Rehash=0, Collisions=0/0=0%

sources/parse/parser_utils.o: sources/parse/parser_utils.c includes/minishell.h libft/libft.h
#  Implicit rule search has been done.
#  Implicit/static pattern stem: `sources/parse/parser_utils'
#  Last modified 2022-07-02 13:30:43
#  File has been updated.
#  Successfully updated.
# variable set hash-table stats:
# Load=0/32=0%, Rehash=0, Collisions=0/0=0%
#  commands to execute (from `Makefile', line 37):
	@$(CC) $(CFLAGS) -I$(shell brew --prefix readline)/include -c $< -o $@
	

all: minishell
#  Phony target (prerequisite of .PHONY).
#  Command-line target.
#  Implicit rule search has not been done.
#  File does not exist.
#  File has been updated.
#  Needs to be updated (-q is set).
# variable set hash-table stats:
# Load=0/32=0%, Rehash=0, Collisions=0/6=0%

# Not a target:
sources/parse/syntax_validation.c:
#  Implicit rule search has been done.
#  Last modified 2022-06-30 14:39:03
#  File has been updated.
#  Successfully updated.
# variable set hash-table stats:
# Load=0/32=0%, Rehash=0, Collisions=0/0=0%

.PHONY: all clean fclean re
#  Implicit rule search has not been done.
 
#  Modification time never checked.
#  File has not been updated.

# Not a target:
sources/exec/useful/non_execve.o:
#  Implicit rule search has not been done.
#  Modification time never checked.
#  File has not been updated.

# Not a target:
sources/parse/checker.c:
#  Implicit rule search has been done.
#  Last modified 2022-07-01 22:01:58
#  File has been updated.
#  Successfully updated.
# variable set hash-table stats:
# Load=0/32=0%, Rehash=0, Collisions=0/0=0%

sources/parse/syntax_validation.o: sources/parse/syntax_validation.c includes/minishell.h libft/libft.h
#  Implicit rule search has been done.
#  Implicit/static pattern stem: `sources/parse/syntax_validation'
#  Last modified 2022-07-02 13:30:43
#  File has been updated.
#  Successfully updated.
# variable set hash-table stats:
# Load=0/32=0%, Rehash=0, Collisions=0/0=0%
#  commands to execute (from `Makefile', line 37):
	@$(CC) $(CFLAGS) -I$(shell brew --prefix readline)/include -c $< -o $@
	

sources/parse/list_utils.o: sources/parse/list_utils.c includes/minishell.h libft/libft.h
#  Implicit rule search has been done.
#  Implicit/static pattern stem: `sources/parse/list_utils'
#  Last modified 2022-07-02 13:30:43
#  File has been updated.
#  Successfully updated.
# variable set hash-table stats:
# Load=0/32=0%, Rehash=0, Collisions=0/0=0%
#  commands to execute (from `Makefile', line 37):
	@$(CC) $(CFLAGS) -I$(shell brew --prefix readline)/include -c $< -o $@
	

# Not a target:
sources/exec/useful/exec_utiles2.o:
#  Implicit rule search has not been done.
#  Modification time never checked.
#  File has not been updated.

# Not a target:
sources/exec/useful/free_list.o:
#  Implicit rule search has not been done.
#  Modification time never checked.
#  File has not been updated.

# Not a target:
sources/parse/expander_utils.c:
#  Implicit rule search has been done.
#  Last modified 2022-07-01 18:45:38
#  File has been updated.
#  Successfully updated.
# variable set hash-table stats:
# Load=0/32=0%, Rehash=0, Collisions=0/0=0%

# Not a target:
sources/exec/execute.c:
#  Implicit rule search has been done.
#  Last modified 2022-07-02 13:32:03
#  File has been updated.
#  Successfully updated.
# variable set hash-table stats:
# Load=0/32=0%, Rehash=0, Collisions=0/0=0%

sources/parse/tokenizer.o: sources/parse/tokenizer.c includes/minishell.h libft/libft.h
#  Implicit rule search has been done.
#  Implicit/static pattern stem: `sources/parse/tokenizer'
#  Last modified 2022-07-02 13:30:43
#  File has been updated.
#  Successfully updated.
# variable set hash-table stats:
# Load=0/32=0%, Rehash=0, Collisions=0/0=0%
#  commands to execute (from `Makefile', line 37):
	@$(CC) $(CFLAGS) -I$(shell brew --prefix readline)/include -c $< -o $@
	

sources/parse/expander.o: sources/parse/expander.c includes/minishell.h libft/libft.h
#  Implicit rule search has been done.
#  Implicit/static pattern stem: `sources/parse/expander'
#  Last modified 2022-07-02 13:30:43
#  File has been updated.
#  Successfully updated.
# variable set hash-table stats:
# Load=0/32=0%, Rehash=0, Collisions=0/0=0%
#  commands to execute (from `Makefile', line 37):
	@$(CC) $(CFLAGS) -I$(shell brew --prefix readline)/include -c $< -o $@
	

# Not a target:
sources/parse/remove_unused_tab.c:
#  Implicit rule search has been done.
#  Last modified 2022-07-02 00:26:16
#  File has been updated.
#  Successfully updated.
# variable set hash-table stats:
# Load=0/32=0%, Rehash=0, Collisions=0/0=0%

sources/parse/minishell.o: sources/parse/minishell.c includes/minishell.h libft/libft.h
#  Implicit rule search has been done.
#  Implicit/static pattern stem: `sources/parse/minishell'
#  Last modified 2022-07-02 13:30:42
#  File has been updated.
#  Successfully updated.
# variable set hash-table stats:
# Load=0/32=0%, Rehash=0, Collisions=0/0=0%
#  commands to execute (from `Makefile', line 37):
	@$(CC) $(CFLAGS) -I$(shell brew --prefix readline)/include -c $< -o $@
	

# Not a target:
.SUFFIXES:
#  Implicit rule search has not been done.
#  Modification time never checked.
#  File has not been updated.

sources/parse/cmd_list_utils.o: sources/parse/cmd_list_utils.c includes/minishell.h libft/libft.h
#  Implicit rule search has been done.
#  Implicit/static pattern stem: `sources/parse/cmd_list_utils'
#  Last modified 2022-07-02 13:30:43
#  File has been updated.
#  Successfully updated.
# variable set hash-table stats:
# Load=0/32=0%, Rehash=0, Collisions=0/0=0%
#  commands to execute (from `Makefile', line 37):
	@$(CC) $(CFLAGS) -I$(shell brew --prefix readline)/include -c $< -o $@
	

# Not a target:
sources/exec/builtins/cd.o:
#  Implicit rule search has not been done.
#  Modification time never checked.
#  File has not been updated.

# Not a target:
Makefile:
#  Implicit rule search has been done.
#  Last modified 2022-07-02 13:48:34
#  File has been updated.
#  Successfully updated.
# variable set hash-table stats:
# Load=0/32=0%, Rehash=0, Collisions=0/0=0%

# Not a target:
sources/exec/useful/her_doc.o:
#  Implicit rule search has not been done.
#  Modification time never checked.
#  File has not been updated.

sources/parse/expander_utils2.o: sources/parse/expander_utils2.c includes/minishell.h libft/libft.h
#  Implicit rule search has been done.
#  Implicit/static pattern stem: `sources/parse/expander_utils2'
#  Last modified 2022-07-02 13:30:44
#  File has been updated.
#  Successfully updated.
# variable set hash-table stats:
# Load=0/32=0%, Rehash=0, Collisions=0/0=0%
#  commands to execute (from `Makefile', line 37):
	@$(CC) $(CFLAGS) -I$(shell brew --prefix readline)/include -c $< -o $@
	

# Not a target:
sources/parse/heredoc_utils.c:
#  Implicit rule search has been done.
#  Last modified 2022-07-01 10:41:27
#  File has been updated.
#  Successfully updated.
# variable set hash-table stats:
# Load=0/32=0%, Rehash=0, Collisions=0/0=0%

# Not a target:
sources/parse/signals.c:
#  Implicit rule search has been done.
#  Last modified 2022-07-02 11:17:22
#  File has been updated.
#  Successfully updated.
# variable set hash-table stats:
# Load=0/32=0%, Rehash=0, Collisions=0/0=0%

# Not a target:
sources/exec/builtins/echo.o:
#  Implicit rule search has not been done.
#  Modification time never checked.
#  File has not been updated.

# Not a target:
sources/exec/builtins/export.o:
#  Implicit rule search has not been done.
#  Modification time never checked.
#  File has not been updated.

minishell: sources/parse/minishell.o sources/parse/checker.o sources/parse/list_utils.o sources/parse/lis_utils2.o sources/parse/tokenizer.o sources/parse/toknizer_utils.o sources/parse/syntax_validation.o sources/parse/cmd_list_utils.o sources/parse/parser.o sources/parse/parser_utils.o sources/parse/expander.o sources/parse/expander_utils.o sources/parse/files_creation.o sources/parse/files_creation_utils.o sources/parse/heredoc_utils.o sources/parse/signals.o sources/parse/remove_unused_tab.o sources/parse/expander_utils2.o sources/parse/file_creation_utils2.o sources/exec/execute.o sources/exec/useful/quite.o sources/exec/useful/free_list.o sources/exec/useful/exec_utiles.o sources/exec/useful/exec_utiles1.o sources/exec/useful/exec_utiles2.o sources/exec/useful/exec_utiles3.o sources/exec/useful/her_doc.o sources/exec/useful/non_execve.o sources/exec/builtins/echo.o sources/exec/builtins/pwd.o sources/exec/builtins/env.o sources/exec/builtins/cd.o sources/exec/builtins/export.o sources/exec/builtins/unset.o sources/exec/builtins/exit.o
#  Implicit rule search has not been done.
#  Last modified 2022-07-02 13:30:47
#  File has been updated.
#  Needs to be updated (-q is set).
# variable set hash-table stats:
# Load=0/32=0%, Rehash=0, Collisions=0/6=0%
#  commands to execute (from `Makefile', line 31):
	@make -C ./libft
	@make bonus -C ./libft
	@$(CC) $(FLAGS) ./libft/libft.a $(P_OBJ) $(E_OBJ) -o $(NAME) -L$(shell brew --prefix readline)/lib -lreadline
	@echo "\n \n$(GREEN)$(TAB)$(TAB)"CREATED" $(RESET)"
	

# Not a target:
sources/parse/files_creation_utils.c:
#  Implicit rule search has been done.
#  Last modified 2022-07-01 10:41:27
#  File has been updated.
#  Successfully updated.
# variable set hash-table stats:
 
# Load=0/32=0%, Rehash=0, Collisions=0/0=0%

sources/parse/files_creation.o: sources/parse/files_creation.c includes/minishell.h libft/libft.h
#  Implicit rule search has been done.
#  Implicit/static pattern stem: `sources/parse/files_creation'
#  Last modified 2022-07-02 13:30:43
#  File has been updated.
#  Successfully updated.
# variable set hash-table stats:
# Load=0/32=0%, Rehash=0, Collisions=0/0=0%
#  commands to execute (from `Makefile', line 37):
	@$(CC) $(CFLAGS) -I$(shell brew --prefix readline)/include -c $< -o $@
	

# Not a target:
sources/parse/parser_utils.c:
#  Implicit rule search has been done.
#  Last modified 2022-07-01 10:41:27
#  File has been updated.
#  Successfully updated.
# variable set hash-table stats:
# Load=0/32=0%, Rehash=0, Collisions=0/0=0%

sources/parse/parser.o: sources/parse/parser.c includes/minishell.h libft/libft.h
#  Implicit rule search has been done.
#  Implicit/static pattern stem: `sources/parse/parser'
#  Last modified 2022-07-02 13:30:43
#  File has been updated.
#  Successfully updated.
# variable set hash-table stats:
# Load=0/32=0%, Rehash=0, Collisions=0/0=0%
#  commands to execute (from `Makefile', line 37):
	@$(CC) $(CFLAGS) -I$(shell brew --prefix readline)/include -c $< -o $@
	

fclean: clean
#  Phony target (prerequisite of .PHONY).
#  Implicit rule search has not been done.
#  File does not exist.
#  File has not been updated.
#  commands to execute (from `Makefile', line 44):
	@rm -rf $(NAME)
	

sources/parse/toknizer_utils.o: sources/parse/toknizer_utils.c includes/minishell.h libft/libft.h
#  Implicit rule search has been done.
#  Implicit/static pattern stem: `sources/parse/toknizer_utils'
#  Last modified 2022-07-02 13:30:43
#  File has been updated.
#  Successfully updated.
# variable set hash-table stats:
# Load=0/32=0%, Rehash=0, Collisions=0/0=0%
#  commands to execute (from `Makefile', line 37):
	@$(CC) $(CFLAGS) -I$(shell brew --prefix readline)/include -c $< -o $@
	

# Not a target:
sources/parse/list_utils.c:
#  Implicit rule search has been done.
#  Last modified 2022-07-01 10:41:27
#  File has been updated.
#  Successfully updated.
# variable set hash-table stats:
# Load=0/32=0%, Rehash=0, Collisions=0/0=0%

# Not a target:
sources/parse/tokenizer.c:
#  Implicit rule search has been done.
#  Last modified 2022-07-01 10:41:27
#  File has been updated.
#  Successfully updated.
# variable set hash-table stats:
# Load=0/32=0%, Rehash=0, Collisions=0/0=0%

# Not a target:
sources/parse/expander.c:
#  Implicit rule search has been done.
#  Last modified 2022-07-02 11:16:28
#  File has been updated.
#  Successfully updated.
# variable set hash-table stats:
# Load=0/32=0%, Rehash=0, Collisions=0/0=0%

# Not a target:
.DEFAULT:
#  Implicit rule search has not been done.
#  Modification time never checked.
#  File has not been updated.

# Not a target:
sources/parse/minishell.c:
#  Implicit rule search has been done.
#  Last modified 2022-07-02 13:30:27
#  File has been updated.
#  Successfully updated.
# variable set hash-table stats:
# Load=0/32=0%, Rehash=0, Collisions=0/0=0%

# Not a target:
sources/parse/cmd_list_utils.c:
#  Implicit rule search has been done.
#  Last modified 2022-07-01 10:41:27
#  File has been updated.
#  Successfully updated.
# variable set hash-table stats:
# Load=0/32=0%, Rehash=0, Collisions=0/0=0%

# Not a target:
sources/exec/useful/exec_utiles3.o:
#  Implicit rule search has not been done.
#  Modification time never checked.
#  File has not been updated.

re: clean all
#  Phony target (prerequisite of .PHONY).
#  Implicit rule search has not been done.
#  File does not exist.
#  File has not been updated.

# Not a target:
sources/parse/expander_utils2.c:
#  Implicit rule search has been done.
#  Last modified 2022-07-02 00:26:16
#  File has been updated.
#  Successfully updated.
# variable set hash-table stats:
# Load=0/32=0%, Rehash=0, Collisions=0/0=0%

clean:
#  Phony target (prerequisite of .PHONY).
#  Implicit rule search has not been done.
#  File does not exist.
#  File has not been updated.
#  commands to execute (from `Makefile', line 40):
	@rm -rf $(E_OBJ) $(P_OBJ)
	@make fclean -C ./libft
	

# Not a target:
sources/exec/builtins/env.o:
#  Implicit rule search has not been done.
#  Modification time never checked.
#  File has not been updated.

# Not a target:
sources/exec/builtins/exit.o:
#  Implicit rule search has not been done.
#  Modification time never checked.
#  File has not been updated.

sources/parse/file_creation_utils2.o: sources/parse/file_creation_utils2.c includes/minishell.h libft/libft.h
#  Implicit rule search has been done.
#  Implicit/static pattern stem: `sources/parse/file_creation_utils2'
#  Last modified 2022-07-02 13:30:44
#  File has been updated.
#  Successfully updated.
# variable set hash-table stats:
# Load=0/32=0%, Rehash=0, Collisions=0/0=0%
#  commands to execute (from `Makefile', line 37):
	@$(CC) $(CFLAGS) -I$(shell brew --prefix readline)/include -c $< -o $@
	

# Not a target:
sources/exec/useful/exec_utiles.o:
#  Implicit rule search has not been done.
#  Modification time never checked.
#  File has not been updated.

# Not a target:
sources/parse/files_creation.c:
#  Implicit rule search has been done.
#  Last modified 2022-07-01 10:41:27
#  File has been updated.
#  Successfully updated.
# variable set hash-table stats:
# Load=0/32=0%, Rehash=0, Collisions=0/0=0%

# Not a target:
sources/parse/parser.c:
#  Implicit rule search has been done.
#  Last modified 2022-07-02 13:13:22
#  File has been updated.
#  Successfully updated.
# variable set hash-table stats:
# Load=0/32=0%, Rehash=0, Collisions=0/0=0%

sources/parse/checker.o: sources/parse/checker.c includes/minishell.h libft/libft.h
#  Implicit rule search has been done.
#  Implicit/static pattern stem: `sources/parse/checker'
#  Last modified 2022-07-02 13:30:42
#  File has been updated.
#  Successfully updated.
# variable set hash-table stats:
# Load=0/32=0%, Rehash=0, Collisions=0/0=0%
#  commands to execute (from `Makefile', line 37):
	@$(CC) $(CFLAGS) -I$(shell brew --prefix readline)/include -c $< -o $@
	

sources/parse/lis_utils2.o: sources/parse/lis_utils2.c includes/minishell.h libft/libft.h
#  Implicit rule search has been done.
#  Implicit/static pattern stem: `sources/parse/lis_utils2'
#  Last modified 2022-07-02 13:30:43
#  File has been updated.
#  Successfully updated.
# variable set hash-table stats:
# Load=0/32=0%, Rehash=0, Collisions=0/0=0%
#  commands to execute (from `Makefile', line 37):
	@$(CC) $(CFLAGS) -I$(shell brew --prefix readline)/include -c $< -o $@
	

# Not a target:
sources/exec/builtins/unset.o:
#  Implicit rule search has not been done.
#  Modification time never checked.
#  File has not been updated.

# Not a target:
libft/libft.h:
#  Implicit rule search has been done.
#  Last modified 2022-06-30 14:39:03
#  File has been updated.
#  Successfully updated.
# variable set hash-table stats:
# Load=0/32=0%, Rehash=0, Collisions=0/0=0%

# Not a target:
sources/parse/toknizer_utils.c:
#  Implicit rule search has been done.
#  Last modified 2022-06-30 14:39:03
#  File has been updated.
#  Successfully updated.
# variable set hash-table stats:
# Load=0/32=0%, Rehash=0, Collisions=0/0=0%

sources/parse/expander_utils.o: sources/parse/expander_utils.c includes/minishell.h libft/libft.h
#  Implicit rule search has been done.
#  Implicit/static pattern stem: `sources/parse/expander_utils'
#  Last modified 2022-07-02 13:30:43
#  File has been updated.
#  Successfully updated.
# variable set hash-table stats:
# Load=0/32=0%, Rehash=0, Collisions=0/0=0%
#  commands to execute (from `Makefile', line 37):
	@$(CC) $(CFLAGS) -I$(shell brew --prefix readline)/include -c $< -o $@
	

sources/exec/execute.o: sources/exec/execute.c includes/minishell.h libft/libft.h
#  Implicit rule search has been done.
#  Implicit/static pattern stem: `sources/exec/execute'
#  Last modified 2022-07-02 13:30:44
#  File has been updated.
#  Needs to be updated (-q is set).
# automatic
# @ := sources/exec/execute.o
# automatic
# % := 
# automatic
# * := sources/exec/execute
# automatic
 
# + := sources/exec/execute.c includes/minishell.h libft/libft.h
# automatic
# | := 
# automatic
# < := sources/exec/execute.c
# automatic
# ^ := sources/exec/execute.c includes/minishell.h libft/libft.h
# automatic
# ? := sources/exec/execute.c
# variable set hash-table stats:
# Load=8/32=25%, Rehash=0, Collisions=1/16=6%
#  commands to execute (from `Makefile', line 37):
	@$(CC) $(CFLAGS) -I$(shell brew --prefix readline)/include -c $< -o $@
	

sources/parse/remove_unused_tab.o: sources/parse/remove_unused_tab.c includes/minishell.h libft/libft.h
#  Implicit rule search has been done.
#  Implicit/static pattern stem: `sources/parse/remove_unused_tab'
#  Last modified 2022-07-02 13:30:44
#  File has been updated.
#  Successfully updated.
# variable set hash-table stats:
# Load=0/32=0%, Rehash=0, Collisions=0/0=0%
#  commands to execute (from `Makefile', line 37):
	@$(CC) $(CFLAGS) -I$(shell brew --prefix readline)/include -c $< -o $@
	

# Not a target:
includes/minishell.h:
#  Implicit rule search has been done.
#  Last modified 2022-07-02 00:02:26
#  File has been updated.
#  Successfully updated.
# variable set hash-table stats:
# Load=0/32=0%, Rehash=0, Collisions=0/0=0%

# Not a target:
sources/exec/useful/quite.o:
#  Implicit rule search has not been done.
#  Modification time never checked.
#  File has not been updated.

sources/parse/heredoc_utils.o: sources/parse/heredoc_utils.c includes/minishell.h libft/libft.h
#  Implicit rule search has been done.
#  Implicit/static pattern stem: `sources/parse/heredoc_utils'
#  Last modified 2022-07-02 13:30:43
#  File has been updated.
#  Successfully updated.
# variable set hash-table stats:
# Load=0/32=0%, Rehash=0, Collisions=0/0=0%
#  commands to execute (from `Makefile', line 37):
	@$(CC) $(CFLAGS) -I$(shell brew --prefix readline)/include -c $< -o $@
	

# Not a target:
sources/exec/useful/exec_utiles1.o:
#  Implicit rule search has not been done.
#  Modification time never checked.
#  File has not been updated.

sources/parse/signals.o: sources/parse/signals.c includes/minishell.h libft/libft.h
#  Implicit rule search has been done.
#  Implicit/static pattern stem: `sources/parse/signals'
#  Last modified 2022-07-02 13:30:44
#  File has been updated.
#  Successfully updated.
# variable set hash-table stats:
# Load=0/32=0%, Rehash=0, Collisions=0/0=0%
#  commands to execute (from `Makefile', line 37):
	@$(CC) $(CFLAGS) -I$(shell brew --prefix readline)/include -c $< -o $@
	

# files hash-table stats:
# Load=66/1024=6%, Rehash=0, Collisions=10/262=4%
# VPATH Search Paths

# No `vpath' search paths.

# No general (`VPATH' variable) search path.

# # of strings in strcache: 1
# # of strcache buffers: 1
# strcache size: total = 4096 / max = 4096 / min = 4096 / avg = 4096
# strcache free: total = 4087 / max = 4087 / min = 4087 / avg = 4087

# Finished Make data base on Sat Jul  2 13:48:38 2022

 
